<?xml version="1.0" encoding="UTF-8"?>
<testng-results skipped="0" failed="0" ignored="0" total="1" passed="1">
  <reporter-output>
  </reporter-output>
  <suite name="SessionSuite" duration-ms="15725" started-at="2017-08-16T14:52:45Z" finished-at="2017-08-16T14:53:01Z">
    <groups>
    </groups>
    <test name="Login Test" duration-ms="15725" started-at="2017-08-16T14:52:45Z" finished-at="2017-08-16T14:53:01Z">
      <class name="com.bharat.framework.testcases.LoginTest">
        <test-method status="PASS" signature="beforeTest()[pri:0, instance:com.bharat.framework.testcases.LoginTest@3498ed]" name="beforeTest" is-config="true" duration-ms="9213" started-at="2017-08-16T20:22:45Z" finished-at="2017-08-16T20:22:54Z">
          <reporter-output>
          </reporter-output>
        </test-method> <!-- beforeTest -->
        <test-method status="PASS" signature="testEasy()[pri:0, instance:com.bharat.framework.testcases.LoginTest@3498ed]" name="testEasy" duration-ms="6478" started-at="2017-08-16T20:22:54Z" finished-at="2017-08-16T20:23:01Z">
          <reporter-output>
          </reporter-output>
        </test-method> <!-- testEasy -->
        <test-method status="PASS" signature="afterTest()[pri:0, instance:com.bharat.framework.testcases.LoginTest@3498ed]" name="afterTest" is-config="true" duration-ms="1" started-at="2017-08-16T20:23:01Z" finished-at="2017-08-16T20:23:01Z">
          <reporter-output>
          </reporter-output>
        </test-method> <!-- afterTest -->
      </class> <!-- com.bharat.framework.testcases.LoginTest -->
    </test> <!-- Login Test -->
  </suite> <!-- SessionSuite -->
</testng-results>
