<?xml version="1.0" encoding="UTF-8"?>
<testng-results skipped="0" failed="0" ignored="0" total="1" passed="1">
  <reporter-output>
  </reporter-output>
  <suite name="Default suite" duration-ms="9598" started-at="2017-08-16T13:29:50Z" finished-at="2017-08-16T13:29:59Z">
    <groups>
    </groups>
    <test name="Default test" duration-ms="9598" started-at="2017-08-16T13:29:50Z" finished-at="2017-08-16T13:29:59Z">
      <class name="com.bharat.framework.testcases.LoginTest">
        <test-method status="PASS" signature="beforeTest()[pri:0, instance:com.bharat.framework.testcases.LoginTest@132ec19]" name="beforeTest" is-config="true" duration-ms="4924" started-at="2017-08-16T18:59:50Z" finished-at="2017-08-16T18:59:55Z">
          <reporter-output>
          </reporter-output>
        </test-method> <!-- beforeTest -->
        <test-method status="PASS" signature="testEasy()[pri:0, instance:com.bharat.framework.testcases.LoginTest@132ec19]" name="testEasy" duration-ms="4648" started-at="2017-08-16T18:59:55Z" finished-at="2017-08-16T18:59:59Z">
          <reporter-output>
          </reporter-output>
        </test-method> <!-- testEasy -->
        <test-method status="PASS" signature="afterTest()[pri:0, instance:com.bharat.framework.testcases.LoginTest@132ec19]" name="afterTest" is-config="true" duration-ms="0" started-at="2017-08-16T18:59:59Z" finished-at="2017-08-16T18:59:59Z">
          <reporter-output>
          </reporter-output>
        </test-method> <!-- afterTest -->
      </class> <!-- com.bharat.framework.testcases.LoginTest -->
    </test> <!-- Default test -->
  </suite> <!-- Default suite -->
</testng-results>
